<?xml version="1.0" encoding="UTF-8"?>
<testng-results ignored="0" total="3" passed="3" failed="0" skipped="0">
  <reporter-output>
  </reporter-output>
  <suite started-at="2024-10-25T21:10:40 EET" name="Default suite" finished-at="2024-10-25T21:10:56 EET" duration-ms="15896">
    <groups>
    </groups>
    <test started-at="2024-10-25T21:10:40 EET" name="Default test" finished-at="2024-10-25T21:10:56 EET" duration-ms="15896">
      <class name="TestCases">
        <test-method is-config="true" signature="setUp()[pri:0, instance:TestCases@2e8e8225]" started-at="2024-10-25T21:10:40 EET" name="setUp" finished-at="2024-10-25T21:10:42 EET" duration-ms="2097" status="PASS">
          <reporter-output>
          </reporter-output>
        </test-method> <!-- setUp -->
        <test-method signature="signUp()[pri:1, instance:TestCases@2e8e8225]" started-at="2024-10-25T21:10:42 EET" name="signUp" finished-at="2024-10-25T21:10:50 EET" duration-ms="8214" status="PASS">
          <reporter-output>
          </reporter-output>
        </test-method> <!-- signUp -->
        <test-method signature="logOut()[pri:2, instance:TestCases@2e8e8225]" started-at="2024-10-25T21:10:50 EET" name="logOut" finished-at="2024-10-25T21:10:55 EET" duration-ms="4710" status="PASS">
          <reporter-output>
          </reporter-output>
        </test-method> <!-- logOut -->
        <test-method signature="logIn()[pri:3, instance:TestCases@2e8e8225]" started-at="2024-10-25T21:10:55 EET" name="logIn" finished-at="2024-10-25T21:10:56 EET" duration-ms="843" status="PASS">
          <reporter-output>
          </reporter-output>
        </test-method> <!-- logIn -->
      </class> <!-- TestCases -->
    </test> <!-- Default test -->
  </suite> <!-- Default suite -->
</testng-results>
